<?xml version="1.0" encoding="UTF-8"?>
<!-- Generated by org.testng.reporters.JUnitXMLReporter -->
<testsuite ignored="0" hostname="LAPTOP-DJ4R242J" failures="0" tests="6" name="Surefire test" time="0.069" errors="0" timestamp="2022-07-17T11:47:16 IST">
  <testcase classname="Ammulu.Maven1.AppiumTest" name="IOSapp" time="0.004"/>
  <testcase classname="Ammulu.Maven1.AppiumTest" name="Nativeappandroid" time="0.001"/>
  <testcase classname="Ammulu.Maven1.RestAPITest" name="Deletedtwitter" time="0.001"/>
  <testcase classname="Ammulu.Maven1.RestAPITest" name="Postjira" time="0.0"/>
  <testcase classname="Ammulu.Maven1.SeleniumTest" name="Browserautomtion" time="0.0"/>
  <testcase classname="Ammulu.Maven1.SeleniumTest" name="Elementsui" time="0.0"/>
</testsuite> <!-- Surefire test -->
