<?xml version="1.0" encoding="UTF-8"?>
<!-- Generated by org.testng.reporters.JUnitXMLReporter -->
<testsuite ignored="0" hostname="LAPTOP-DJ4R242J" failures="0" tests="4" name="Test" time="0.078" errors="0" timestamp="2022-07-17T11:48:57 IST">
  <testcase classname="Ammulu.Maven1.RestAPITest" name="Deletedtwitter" time="0.017"/>
  <testcase classname="Ammulu.Maven1.RestAPITest" name="Postjira" time="0.0"/>
  <testcase classname="Ammulu.Maven1.SeleniumTest" name="Browserautomtion" time="0.0"/>
  <testcase classname="Ammulu.Maven1.SeleniumTest" name="Elementsui" time="0.0"/>
</testsuite> <!-- Test -->
