<?xml version="1.0" encoding="UTF-8"?>
<testng-results ignored="0" total="1" passed="1" failed="0" skipped="0">
  <reporter-output>
  </reporter-output>
  <suite started-at="2022-07-16T13:18:41 IST" name="Default suite" finished-at="2022-07-16T13:18:41 IST" duration-ms="82">
    <groups>
    </groups>
    <test started-at="2022-07-16T13:18:41 IST" name="Default test" finished-at="2022-07-16T13:18:41 IST" duration-ms="82">
      <class name="Ammulu.Maven1.SeleniumTest">
        <test-method signature="BrowserAutomtion()[pri:0, instance:Ammulu.Maven1.SeleniumTest@188715b5]" started-at="2022-07-16T13:18:41 IST" name="BrowserAutomtion" finished-at="2022-07-16T13:18:41 IST" duration-ms="21" status="PASS">
          <reporter-output>
          </reporter-output>
        </test-method> <!-- BrowserAutomtion -->
      </class> <!-- Ammulu.Maven1.SeleniumTest -->
    </test> <!-- Default test -->
  </suite> <!-- Default suite -->
</testng-results>
